<?xml version="1.0" encoding="UTF-8"?>
<!-- Generated by org.testng.reporters.JUnitXMLReporter -->
<testsuite ignored="5" hostname="LAPTOP-00TCO18I" failures="0" tests="2" name="group" time="0.038" errors="0" timestamp="2021-09-06T11:05:15 IST">
  <testcase classname="testPackage.method1" name="day3" time="0.005"/>
  <testcase classname="testPackage.method4" name="month2" time="0.001"/>
  <testcase classname="testPackage.method3" name="day5" time="0.0">
    <ignored/>
  </testcase> <!-- day5 -->
  <testcase classname="testPackage.method1" name="day1" time="0.0">
    <ignored/>
  </testcase> <!-- day1 -->
  <testcase classname="testPackage.method4" name="month1" time="0.0">
    <ignored/>
  </testcase> <!-- month1 -->
  <testcase classname="testPackage.method2" name="day4" time="0.0">
    <ignored/>
  </testcase> <!-- day4 -->
  <testcase classname="testPackage.method1" name="day2" time="0.0">
    <ignored/>
  </testcase> <!-- day2 -->
</testsuite> <!-- group -->
