<?xml version="1.0" encoding="UTF-8"?>
<!-- Generated by org.testng.reporters.JUnitXMLReporter -->
<testsuite ignored="0" hostname="LAPTOP-00TCO18I" failures="1" tests="1" name="para" time="0.029" errors="0" timestamp="2021-09-06T15:48:05 IST">
  <testcase classname="testPackage.method5" name="para" time="0.0">
    <failure type="org.testng.TestNGException" message="
Parameter &amp;apos;URL&amp;apos; is required by @Test on method para but has not been marked @Optional or defined
in C:\WORK\TestNG_Tutorial\Parameters.xml">
      <![CDATA[org.testng.TestNGException: 
Parameter 'URL' is required by @Test on method para but has not been marked @Optional or defined
in C:\WORK\TestNG_Tutorial\Parameters.xml
at java.base/java.util.ArrayList.forEach(ArrayList.java:1511)
... Removed 26 stack frames]]>
    </failure>
  </testcase> <!-- para -->
</testsuite> <!-- para -->
