<?xml version="1.0" encoding="UTF-8"?>
<!-- Generated by org.testng.reporters.JUnitXMLReporter -->
<testsuite ignored="0" hostname="LAPTOP-00TCO18I" failures="0" tests="5" name="Test" time="0.041" errors="0" timestamp="2021-09-05T19:41:29 IST">
  <testcase classname="testPackage.method1" name="day1" time="0.005"/>
  <testcase classname="testPackage.method1" name="day2" time="0.001"/>
  <testcase classname="testPackage.method1" name="day3" time="0.001"/>
  <testcase classname="testPackage.method2" name="day4" time="0.001"/>
  <testcase classname="testPackage.method3" name="day5" time="0.001"/>
</testsuite> <!-- Test -->
