<?xml version="1.0" encoding="UTF-8"?>
<testng-results ignored="0" total="2" passed="2" failed="0" skipped="0">
  <reporter-output>
  </reporter-output>
  <suite started-at="2022-01-19T00:19:09 IST" name="Default suite" finished-at="2022-01-19T00:19:09 IST" duration-ms="29">
    <groups>
      <group name="Smoke">
        <method signature="method4.month2()[pri:0, instance:testPackage.method4@793be5ca]" name="month2" class="testPackage.method4"/>
      </group> <!-- Smoke -->
    </groups>
    <test started-at="2022-01-19T00:19:09 IST" name="Default test" finished-at="2022-01-19T00:19:09 IST" duration-ms="29">
      <class name="testPackage.method4">
        <test-method is-config="true" signature="month4()[pri:0, instance:testPackage.method4@793be5ca]" started-at="2022-01-19T00:19:09 IST" name="month4" finished-at="2022-01-19T00:19:09 IST" duration-ms="5" status="PASS">
          <reporter-output>
          </reporter-output>
        </test-method> <!-- month4 -->
        <test-method is-config="true" signature="month3()[pri:0, instance:testPackage.method4@793be5ca]" started-at="2022-01-19T00:19:09 IST" name="month3" finished-at="2022-01-19T00:19:09 IST" duration-ms="0" status="PASS">
          <reporter-output>
          </reporter-output>
        </test-method> <!-- month3 -->
        <test-method signature="month1()[pri:0, instance:testPackage.method4@793be5ca]" started-at="2022-01-19T00:19:09 IST" name="month1" finished-at="2022-01-19T00:19:09 IST" duration-ms="4" status="PASS">
          <reporter-output>
          </reporter-output>
        </test-method> <!-- month1 -->
        <test-method signature="month2()[pri:0, instance:testPackage.method4@793be5ca]" started-at="2022-01-19T00:19:09 IST" name="month2" finished-at="2022-01-19T00:19:09 IST" duration-ms="1" status="PASS">
          <reporter-output>
          </reporter-output>
        </test-method> <!-- month2 -->
      </class> <!-- testPackage.method4 -->
    </test> <!-- Default test -->
  </suite> <!-- Default suite -->
</testng-results>
